<?xml version="1.0" encoding="UTF-8"?>
<!-- Generated by org.testng.reporters.JUnitReportReporter -->
<testsuite hostname="LAPTOP-GGEIM9T5" failures="0" tests="5" name="Pages.ResumeChange" time="36.176" errors="0" timestamp="2022-11-22T20:23:34 IST" skipped="1">
  <testcase classname="Pages.ResumeChange" name="Url" time="18.403"/>
  <system-out>
    <![CDATA[[Passed: Naukri portal has opend]]]>
  </system-out>
  <testcase classname="Pages.ResumeChange" name="login" time="0.979"/>
  <system-out>
    <![CDATA[[Passed: Email/Username has entered]
[Passed: Password has entered]
[Passed: Submit has clicked]]]>
  </system-out>
  <testcase classname="Pages.ResumeChange" name="deleteResume" time="7.317"/>
  <system-out/>
  <testcase classname="Pages.ResumeChange" name="uploadResume" time="9.477"/>
  <system-out>
    <![CDATA[[Passed: File uploaded successfully ]]]>
  </system-out>
  <testcase classname="Pages.ResumeChange" name="gmailLogin">
    <skipped/>
  </testcase> <!-- gmailLogin -->
  <system-out/>
</testsuite> <!-- Pages.ResumeChange -->
